; This is the Calva evaluation results output window.
; TIPS: The keyboard shortcut `ctrl+alt+c o` shows and focuses this window
;   when connected to a REPL session.
; Please see https://calva.io/output/ for more info.
; Happy coding! â™¥ï¸

; Jacking in...
; Starting Jack-in Terminal: cmd.exe /d /c lein update-in :dependencies conj [nrepl,"0.8.3"] -- update-in :plugins conj [cider/cider-nrepl,"0.25.8"] -- update-in [:repl-options,:nrepl-middleware] conj '["cider.nrepl/cider-middleware"]' -- with-profile +dev repl :headless
; Hooking up nREPL sessions...
; Connected session: clj
; TIPS: 
;   - You can edit the contents here. Use it as a REPL if you like.
;   - `alt+enter` evaluates the current top level form.
;   - `ctrl+enter` evaluates the current form.
;   - `alt+up` and `alt+down` traverse up and down the REPL command history
;      when the cursor is after the last contents at the prompt
;   - Clojure lines in stack traces are peekable and clickable.
cljêž‰userêž‰>Â  ; Use `alt+enter` to evaluate
; Jack-in done.
cljêž‰userêž‰>Â 
; Evaluating file: views_test.clj
; WARNING: replace already refers to: #'clojure.core/replace in namespace: example1.formatscrapeddata, being replaced by: #'clojure.string/replace
#'example1.views-test/test-store-vectore
; Running tests for example1.views-test...
; 12 tests finished, all passing ðŸ‘, ns: 1, vars: 4
cljêž‰example1.views-testêž‰>Â 
; Running all project testsâ€¦
; FAIL in example1.db-test/test-insert-all (db_test.clj:66):
; are all added values correctly inserted to table STORE
; expected:
{:id 1, :name prodaja parfema}
; actual:
({:id 1, :name prodaja parfema, :mindelivery nil, :deliverycost nil, :freedelivery nil})
; FAIL in example1.db-test/test-insert-all (db_test.clj:67):
; are all added values correctly inserted to table STORE
; expected:
{:id 2, :name online prodaja}
; actual:
({:id 2, :name online prodaja, :mindelivery nil, :deliverycost nil, :freedelivery nil})
; FAIL in example1.db-test/test-insert-all (db_test.clj:68):
; are all added values correctly inserted to table STORE
; expected:
{:id 3, :name parfemi online}
; actual:
({:id 3, :name parfemi online, :mindelivery nil, :deliverycost nil, :freedelivery nil})
; FAIL in example1.db-test/test-insert-all (db_test.clj:66):
; are all added values correctly inserted to table STORE
; expected:
{:id 1, :name prodaja parfema}
; actual:
({:id 1, :name prodaja parfema, :mindelivery nil, :deliverycost nil, :freedelivery nil})
; FAIL in example1.db-test/test-insert-all (db_test.clj:67):
; are all added values correctly inserted to table STORE
; expected:
{:id 2, :name online prodaja}
; actual:
({:id 2, :name online prodaja, :mindelivery nil, :deliverycost nil, :freedelivery nil})
; FAIL in example1.db-test/test-insert-all (db_test.clj:68):
; are all added values correctly inserted to table STORE
; expected:
{:id 3, :name parfemi online}
; actual:
({:id 3, :name parfemi online, :mindelivery nil, :deliverycost nil, :freedelivery nil})
; FAIL in example1.db-test/test-insert-db (db_test.clj:44):
; checking if right values are inserted to table store
; expected:
{:id 1, :name original_parfemi}
; actual:
({:id 1, :name original_parfemi, :mindelivery nil, :deliverycost nil, :freedelivery nil})
; FAIL in example1.db-test/test-insert-db (db_test.clj:44):
; checking if right values are inserted to table store
; expected:
{:id 1, :name original_parfemi}
; actual:
({:id 1, :name original_parfemi, :mindelivery nil, :deliverycost nil, :freedelivery nil})
; ERROR in example1.handler-test/test-app (line 49):
; Uncaught exception, not in assertion
; error: java.lang.NumberFormatException: null (Integer.java)
; expected:
undefined
; ERROR in example1.handler-test/test-app (line 49):
; Uncaught exception, not in assertion
; error: java.lang.NumberFormatException: null (Integer.java)
; expected:
undefined
; 220 tests finished, problems found. ðŸ˜­ errors: 2, failures: 8, ns: 4, vars: 30
cljêž‰example1.views-testêž‰>Â 
; Evaluating file: db_test.clj
#'example1.db-test/test-insert-all
; Running tests for example1.db-test...
; 30 tests finished, all passing ðŸ‘, ns: 1, vars: 3
cljêž‰example1.db-testêž‰>Â 
; Evaluating file: handler_test.clj
#'example1.handler-test/test-app
; Running test: test-appâ€¦
; ERROR in example1.handler-test/test-app (line 49):
; Uncaught exception, not in assertion
; error: java.lang.NumberFormatException: null (Integer.java)
; expected:
undefined
; 9 tests finished, problems found. ðŸ˜­ errors: 1, failures: 0, ns: 1, vars: 1
cljêž‰example1.handler-testêž‰>Â 
; Evaluating file: handler_test.clj
#'example1.handler-test/test-app
; Running tests for example1.handler-test...
; ERROR in example1.handler-test/test-app (line 49):
; Uncaught exception, not in assertion
; error: java.lang.NumberFormatException: null (Integer.java)
; expected:
undefined
; 9 tests finished, problems found. ðŸ˜­ errors: 1, failures: 0, ns: 1, vars: 1
cljêž‰example1.handler-testêž‰>Â 
; Evaluating file: handler_test.clj
#'example1.handler-test/test-app
; Running tests for example1.handler-test...
; 8 tests finished, all passing ðŸ‘, ns: 1, vars: 1
cljêž‰example1.handler-testêž‰>Â 
; Running all project testsâ€¦
; 218 tests finished, all passing ðŸ‘, ns: 4, vars: 30
cljêž‰example1.handler-testêž‰>Â 
0
1
2
3
4
5
6
7
8
9
10
11
12
13
14
15
16
17
18
19
20
21
22
23
24
25
26
27
28
29
SCRAPINGoriginal parfemiFINISHED
1
2
3
4
5
6
7
8
9
10
11
12
13
14
15
16
17
18
19
20
21
22
23
24
25
26
27
28
29
30
31
32
33
SCRAPINGparfemi onlineFINISHED
[{:last_insert_rowid() 1}
 {:last_insert_rowid() 2}
 {:last_insert_rowid() 3}
 {:last_insert_rowid() 4}
 {:last_insert_rowid() 5}
 {:last_insert_rowid() 6}
 {:last_insert_rowid() 7}
 {:last_insert_rowid() 8}
 {:last_insert_rowid() 9}
 {:last_insert_rowid() 10}
 {:last_insert_rowid() 11}
 {:last_insert_rowid() 12}
 {:last_insert_rowid() 13}
 {:last_insert_rowid() 14}
 {:last_insert_rowid() 15}
 {:last_insert_rowid() 16}
 {:last_insert_rowid() 17}
 {:last_insert_rowid() 18}
 {:last_insert_rowid() 19}
 {:last_insert_rowid() 20}
 {:last_insert_rowid() 21}
 {:last_insert_rowid() 22}
 {:last_insert_rowid() 23}
 {:last_insert_rowid() 24}
 {:last_insert_rowid() 25}
 {:last_insert_rowid() 26}
 {:last_insert_rowid() 27}
 {:last_insert_rowid() 28}
 {:last_insert_rowid() 29}
 {:last_insert_rowid() 30}
 {:last_insert_rowid() 31}
 {:last_insert_rowid() 32}
 {:last_insert_rowid() 33}
 {:last_insert_rowid() 34}
 {:last_insert_rowid() 35}
 {:last_insert_rowid() 36}
 {:last_insert_rowid() 37}
 {:last_insert_rowid() 38}
 {:last_insert_rowid() 39}
 {:last_insert_rowid() 40}
 {:last_insert_rowid() 41}
 {:last_insert_rowid() 42}
 {:last_insert_rowid() 43}
 {:last_insert_rowid() 44}
 {:last_insert_rowid() 45}
 {:last_insert_rowid() 46}
 {:last_insert_rowid() 47}
 {:last_insert_rowid() 48}
 {:last_insert_rowid() 49}
 {:last_insert_rowid() 50}
 ...]
cljêž‰example1.productsscrapingêž‰>Â 
; Running all project testsâ€¦
; 218 tests finished, all passing ðŸ‘, ns: 4, vars: 30
cljêž‰example1.productsscrapingêž‰>Â 
